[debug] [2017-08-25T23:06:38.442Z] ----------------------------------------------------------------------
[debug] [2017-08-25T23:06:38.458Z] Command:       C:\Program Files\nodejs\node.exe C:\Users\User\AppData\Roaming\npm\node_modules\firebase-tools\bin\firebase serve
[debug] [2017-08-25T23:06:38.458Z] CLI Version:   3.9.2
[debug] [2017-08-25T23:06:38.458Z] Platform:      win32
[debug] [2017-08-25T23:06:38.458Z] Node Version:  v6.11.2
[debug] [2017-08-25T23:06:38.458Z] Time:          Sat Aug 26 2017 01:06:38 GMT+0200 (Восточная Европа (зима))
[debug] [2017-08-25T23:06:38.458Z] ----------------------------------------------------------------------
[debug] 
[debug] [2017-08-25T23:06:38.474Z] > command requires scopes: ["email","openid","https://www.googleapis.com/auth/cloudplatformprojects.readonly","https://www.googleapis.com/auth/firebase","https://www.googleapis.com/auth/cloud-platform"]
[debug] [2017-08-25T23:06:38.489Z] > authorizing via signed-in user
[debug] [2017-08-25T23:06:38.489Z] > refreshing access token with scopes: ["email","https://www.googleapis.com/auth/cloud-platform","https://www.googleapis.com/auth/cloudplatformprojects.readonly","https://www.googleapis.com/auth/firebase","openid"]
[debug] [2017-08-25T23:06:38.489Z] >>> HTTP REQUEST POST https://www.googleapis.com/oauth2/v3/token { refresh_token: '1/DtyAOSH0aNtHfuRO3lL9Y8TRfGCfgNUeiwmT-mFLbtI',
  client_id: '563584335869-fgrhgmd47bqnekij5i8b5pr03ho849e6.apps.googleusercontent.com',
  client_secret: 'j9iVZfS8kkCEFUPaAeJV0sAi',
  grant_type: 'refresh_token',
  scope: 'email https://www.googleapis.com/auth/cloud-platform https://www.googleapis.com/auth/cloudplatformprojects.readonly https://www.googleapis.com/auth/firebase openid' } 
 Sat Aug 26 2017 01:06:38 GMT+0200 (Восточная Европа (зима))
[debug] [2017-08-25T23:06:41.132Z] <<< HTTP RESPONSE 200
[debug] [2017-08-25T23:06:41.210Z] >>> HTTP REQUEST GET https://admin.firebase.com/v1/projects/famlegend-79642  
 Sat Aug 26 2017 01:06:41 GMT+0200 (Восточная Европа (зима))
[debug] [2017-08-25T23:06:42.229Z] <<< HTTP RESPONSE 200
[debug] [2017-08-25T23:06:42.229Z] >>> HTTP REQUEST GET https://admin.firebase.com/v1/database/famlegend-79642/tokens  
 Sat Aug 26 2017 01:06:42 GMT+0200 (Восточная Европа (зима))
[debug] [2017-08-25T23:06:43.159Z] <<< HTTP RESPONSE 200
[info] 
[info] === Serving from 'G:\Nika\______FED_Global\Repo\genealogy'...
[info] 
[debug] [2017-08-25T23:06:43.159Z] >>> HTTP REQUEST GET https://cloudresourcemanager.googleapis.com/v1/projects/famlegend-79642  
 Sat Aug 26 2017 01:06:43 GMT+0200 (Восточная Европа (зима))
[debug] [2017-08-25T23:06:44.253Z] <<< HTTP RESPONSE 200
[debug] [2017-08-25T23:06:44.253Z] >>> HTTP REQUEST GET https://mobilesdk-pa.googleapis.com/v1/projects/414526017818/clients/_:getWebAppConfig  
 Sat Aug 26 2017 01:06:44 GMT+0200 (Восточная Европа (зима))
[debug] [2017-08-25T23:06:44.970Z] <<< HTTP RESPONSE 200
[info] i  hosting: Serving hosting files from: public
[info] +  hosting: Local server: http://localhost:5000

